     1                                  segment code
     2                                      ..start:
     3                                      ; iniciar os registros DS e SS e o ponteiro de pilha SP
     4 00000000 B8[0000]                        mov ax, minhas_variaveis
     5 00000003 8ED8                            mov ds,ax
     6 00000005 B8[0000]                        mov ax, minha_pilha
     7 00000008 8ED0                            mov ss,ax
     8 0000000A BC[0001]                        mov sp,stacktop
     9                                  
    10 0000000D B409                            mov		ah,9
    11 0000000F BA[0000]                        mov		dx,mensagem
    12 00000012 CD21                            int		21h
    13                                  
    14 00000014 B44C                        mov ah,4ch
    15 00000016 CD21                        int 21h
    16                                  
    17                                      segment minhas_variaveis
    18 00000000 4F692C206F6C686120-             mensagem db 'Oi, olha eu aqui','$'
    19 00000009 6575206171756924   
    20                                      segment minha_pilha stack
    21 00000000 <res 00000100>                  resb 256
    22                                  stacktop:
